Using pre-set license
Built from '2020.3/staging' branch; Version is '2020.3.21f1 (a38c86f6690f) revision 10718342'; Using compiler version '192528614'; Build Type 'Release'
OS: 'Windows 10 Pro; OS build 22000.318; Version 2009; 64bit' Language: 'ru' Physical Memory: 16318 MB
BatchMode: 1, IsHumanControllingUs: 0, StartBugReporterOnCrash: 0, Is64bit: 1, IsPro: 0

COMMAND LINE ARGUMENTS:
V:\programm\Unity\Editor\2020.3.21f1\Editor\Unity.exe
-adb2
-batchMode
-noUpm
-name
AssetImportWorker0
-projectPath
V:/UnityProject/FatalGameBasicProg
-logFile
Logs/AssetImportWorker0.log
-srvPort
60247
Successfully changed project path to: V:/UnityProject/FatalGameBasicProg
V:/UnityProject/FatalGameBasicProg
Using Asset Import Pipeline V2.
Refreshing native plugins compatible for Editor in 30.51 ms, found 2 plugins.
Preloading 0 native plugins for Editor in 0.00 ms.
Initialize engine version: 2020.3.21f1 (a38c86f6690f)
[Subsystems] Discovering subsystems at path V:/programm/Unity/Editor/2020.3.21f1/Editor/Data/Resources/UnitySubsystems
[Subsystems] Discovering subsystems at path V:/UnityProject/FatalGameBasicProg/Assets
GfxDevice: creating device client; threaded=0
Direct3D:
    Version:  Direct3D 11.0 [level 11.1]
    Renderer: NVIDIA GeForce GTX 950 (ID=0x1402)
    Vendor:   
    VRAM:     2007 MB
    Driver:   30.0.14.9649
Initialize mono
Mono path[0] = 'V:/programm/Unity/Editor/2020.3.21f1/Editor/Data/Managed'
Mono path[1] = 'V:/programm/Unity/Editor/2020.3.21f1/Editor/Data/MonoBleedingEdge/lib/mono/unityjit'
Mono config path = 'V:/programm/Unity/Editor/2020.3.21f1/Editor/Data/MonoBleedingEdge/etc'
Using monoOptions --debugger-agent=transport=dt_socket,embedding=1,server=y,suspend=n,address=127.0.0.1:56700
Begin MonoManager ReloadAssembly
Registering precompiled unity dll's ...
Register platform support module: V:/programm/Unity/Editor/2020.3.21f1/Editor/Data/PlaybackEngines/WebGLSupport/UnityEditor.WebGL.Extensions.dll
Register platform support module: V:/programm/Unity/Editor/2020.3.21f1/Editor/Data/PlaybackEngines/WindowsStandaloneSupport/UnityEditor.WindowsStandalone.Extensions.dll
Registered in 0.000905 seconds.
Native extension for WindowsStandalone target not found
Native extension for WebGL target not found
Refreshing native plugins compatible for Editor in 31.83 ms, found 2 plugins.
Preloading 0 native plugins for Editor in 0.00 ms.
Mono: successfully reloaded assembly
- Completed reload, in  2.195 seconds
Domain Reload Profiling:
	ReloadAssembly (2195ms)
		BeginReloadAssembly (51ms)
			ExecutionOrderSort (0ms)
			DisableScriptedObjects (0ms)
			BackupInstance (0ms)
			ReleaseScriptingObjects (0ms)
			CreateAndSetChildDomain (1ms)
		EndReloadAssembly (386ms)
			LoadAssemblies (51ms)
			RebuildTransferFunctionScriptingTraits (0ms)
			SetupTypeCache (128ms)
			ReleaseScriptCaches (0ms)
			RebuildScriptCaches (34ms)
			SetupLoadedEditorAssemblies (150ms)
				LogAssemblyErrors (0ms)
				InitializePlatformSupportModulesInManaged (4ms)
				SetLoadedEditorAssemblies (0ms)
				RefreshPlugins (32ms)
				BeforeProcessingInitializeOnLoad (11ms)
				ProcessInitializeOnLoadAttributes (78ms)
				ProcessInitializeOnLoadMethodAttributes (24ms)
				AfterProcessingInitializeOnLoad (0ms)
				EditorAssembliesLoaded (0ms)
			ExecutionOrderSort2 (0ms)
			AwakeInstancesAfterBackupRestoration (0ms)
Platform modules already initialized, skipping
Registering precompiled user dll's ...
Registered in 0.003010 seconds.
Begin MonoManager ReloadAssembly
Native extension for WindowsStandalone target not found
Native extension for WebGL target not found
Refreshing native plugins compatible for Editor in 0.40 ms, found 2 plugins.
Preloading 0 native plugins for Editor in 0.00 ms.
Mono: successfully reloaded assembly
- Completed reload, in  0.924 seconds
Domain Reload Profiling:
	ReloadAssembly (925ms)
		BeginReloadAssembly (131ms)
			ExecutionOrderSort (0ms)
			DisableScriptedObjects (5ms)
			BackupInstance (0ms)
			ReleaseScriptingObjects (0ms)
			CreateAndSetChildDomain (17ms)
		EndReloadAssembly (745ms)
			LoadAssemblies (83ms)
			RebuildTransferFunctionScriptingTraits (0ms)
			SetupTypeCache (244ms)
			ReleaseScriptCaches (0ms)
			RebuildScriptCaches (53ms)
			SetupLoadedEditorAssemblies (294ms)
				LogAssemblyErrors (0ms)
				InitializePlatformSupportModulesInManaged (5ms)
				SetLoadedEditorAssemblies (0ms)
				RefreshPlugins (0ms)
				BeforeProcessingInitializeOnLoad (69ms)
				ProcessInitializeOnLoadAttributes (210ms)
				ProcessInitializeOnLoadMethodAttributes (7ms)
				AfterProcessingInitializeOnLoad (2ms)
				EditorAssembliesLoaded (0ms)
			ExecutionOrderSort2 (0ms)
			AwakeInstancesAfterBackupRestoration (5ms)
Platform modules already initialized, skipping
========================================================================
Worker process is ready to serve import requests
Launched and connected shader compiler UnityShaderCompiler.exe after 0.03 seconds
Refreshing native plugins compatible for Editor in 0.36 ms, found 2 plugins.
Preloading 0 native plugins for Editor in 0.00 ms.
Unloading 1690 Unused Serialized files (Serialized files now loaded: 0)
System memory in use before: 76.7 MB.
System memory in use after: 76.8 MB.

Unloading 32 unused Assets to reduce memory usage. Loaded Objects now: 2123.
Total: 2.857600 ms (FindLiveObjects: 0.161400 ms CreateObjectMapping: 0.040100 ms MarkObjects: 2.589800 ms  DeleteObjects: 0.065200 ms)

AssetImportParameters requested are different than current active one (requested -> active):
  custom:framework-win-MediaFoundation: 216162199b28c13a410421893ffa2e32 -> 
  custom:video-decoder-ogg-theora: a1e56fd34408186e4bbccfd4996cb3dc -> 
  custom:container-muxer-webm: aa71ff27fc2769a1b78a27578f13a17b -> 
  custom:container-demuxer-webm: 4f35f7cbe854078d1ac9338744f61a02 -> 
  custom:container-demuxer-ogg: 62fdf1f143b41e24485cea50d1cbac27 -> 
  custom:video-encoder-webm-vp8: eb34c28f22e8b96e1ab97ce403110664 -> 
  custom:video-decoder-webm-vp8: 9c59270c3fd7afecdb556c50c9e8de78 -> 
  custom:audio-decoder-ogg-vorbis: bf7c407c2cedff20999df2af8eb42d56 -> 
  custom:audio-encoder-webm-vorbis: bf7c407c2cedff20999df2af8eb42d56 -> 
========================================================================
Received Import Request.
  path: Assets/Prefabs/Buffs/Using/Chainsaw.prefab
  artifactKey: Guid(1c7c1bf6f7d156f4ab9b98cb89b0d56f) Importer(815301076,1909f56bfc062723c751e8b465ee728b)
Start importing Assets/Prefabs/Buffs/Using/Chainsaw.prefab using Guid(1c7c1bf6f7d156f4ab9b98cb89b0d56f) Importer(815301076,1909f56bfc062723c751e8b465ee728b)  -> (artifact id: '4545b136020984705fb76cc3513add08') in 0.088667 seconds 
  Import took 0.091558 seconds .

========================================================================
Received Import Request.
  Time since last request: 0.000145 seconds.
  path: Assets/Prefabs/Buffs/Using/Grenade.prefab
  artifactKey: Guid(5d922a1a5fcefda48a18eb2ebdd809cc) Importer(815301076,1909f56bfc062723c751e8b465ee728b)
Start importing Assets/Prefabs/Buffs/Using/Grenade.prefab using Guid(5d922a1a5fcefda48a18eb2ebdd809cc) Importer(815301076,1909f56bfc062723c751e8b465ee728b)  -> (artifact id: '73d99d3d99927c3681de30f37bf80513') in 0.009358 seconds 
  Import took 0.011956 seconds .

========================================================================
Received Import Request.
  Time since last request: 19.004289 seconds.
  path: Assets/Prefabs/Buffs/Using/Grenade.prefab
  artifactKey: Guid(5d922a1a5fcefda48a18eb2ebdd809cc) Importer(815301076,1909f56bfc062723c751e8b465ee728b)
Start importing Assets/Prefabs/Buffs/Using/Grenade.prefab using Guid(5d922a1a5fcefda48a18eb2ebdd809cc) Importer(815301076,1909f56bfc062723c751e8b465ee728b)  -> (artifact id: '749b3587fcb23b846c24d95d732bcd50') in 0.006452 seconds 
  Import took 0.008939 seconds .

========================================================================
Received Prepare
Registering precompiled user dll's ...
Registered in 0.003093 seconds.
Begin MonoManager ReloadAssembly
Native extension for WindowsStandalone target not found
Native extension for WebGL target not found
Refreshing native plugins compatible for Editor in 0.37 ms, found 2 plugins.
Preloading 0 native plugins for Editor in 0.00 ms.
Mono: successfully reloaded assembly
- Completed reload, in  0.852 seconds
Domain Reload Profiling:
	ReloadAssembly (852ms)
		BeginReloadAssembly (103ms)
			ExecutionOrderSort (0ms)
			DisableScriptedObjects (4ms)
			BackupInstance (0ms)
			ReleaseScriptingObjects (0ms)
			CreateAndSetChildDomain (29ms)
		EndReloadAssembly (698ms)
			LoadAssemblies (78ms)
			RebuildTransferFunctionScriptingTraits (0ms)
			SetupTypeCache (225ms)
			ReleaseScriptCaches (1ms)
			RebuildScriptCaches (45ms)
			SetupLoadedEditorAssemblies (279ms)
				LogAssemblyErrors (0ms)
				InitializePlatformSupportModulesInManaged (5ms)
				SetLoadedEditorAssemblies (0ms)
				RefreshPlugins (0ms)
				BeforeProcessingInitializeOnLoad (64ms)
				ProcessInitializeOnLoadAttributes (195ms)
				ProcessInitializeOnLoadMethodAttributes (11ms)
				AfterProcessingInitializeOnLoad (2ms)
				EditorAssembliesLoaded (0ms)
			ExecutionOrderSort2 (0ms)
			AwakeInstancesAfterBackupRestoration (6ms)
Platform modules already initialized, skipping
Refreshing native plugins compatible for Editor in 0.37 ms, found 2 plugins.
Preloading 0 native plugins for Editor in 0.00 ms.
Unloading 1669 Unused Serialized files (Serialized files now loaded: 0)
System memory in use before: 78.2 MB.
System memory in use after: 78.3 MB.

Unloading 18 unused Assets to reduce memory usage. Loaded Objects now: 2145.
Total: 3.042800 ms (FindLiveObjects: 0.162600 ms CreateObjectMapping: 0.037700 ms MarkObjects: 2.798500 ms  DeleteObjects: 0.043100 ms)

AssetImportParameters requested are different than current active one (requested -> active):
  custom:framework-win-MediaFoundation: 216162199b28c13a410421893ffa2e32 -> 
  custom:video-decoder-ogg-theora: a1e56fd34408186e4bbccfd4996cb3dc -> 
  custom:container-muxer-webm: aa71ff27fc2769a1b78a27578f13a17b -> 
  custom:container-demuxer-webm: 4f35f7cbe854078d1ac9338744f61a02 -> 
  custom:container-demuxer-ogg: 62fdf1f143b41e24485cea50d1cbac27 -> 
  custom:video-encoder-webm-vp8: eb34c28f22e8b96e1ab97ce403110664 -> 
  custom:video-decoder-webm-vp8: 9c59270c3fd7afecdb556c50c9e8de78 -> 
  custom:audio-decoder-ogg-vorbis: bf7c407c2cedff20999df2af8eb42d56 -> 
  custom:audio-encoder-webm-vorbis: bf7c407c2cedff20999df2af8eb42d56 -> 
========================================================================
Received Prepare
Registering precompiled user dll's ...
Registered in 0.003002 seconds.
Begin MonoManager ReloadAssembly
Native extension for WindowsStandalone target not found
Native extension for WebGL target not found
Refreshing native plugins compatible for Editor in 0.41 ms, found 2 plugins.
Preloading 0 native plugins for Editor in 0.00 ms.
Mono: successfully reloaded assembly
- Completed reload, in  0.866 seconds
Domain Reload Profiling:
	ReloadAssembly (866ms)
		BeginReloadAssembly (103ms)
			ExecutionOrderSort (0ms)
			DisableScriptedObjects (4ms)
			BackupInstance (0ms)
			ReleaseScriptingObjects (0ms)
			CreateAndSetChildDomain (28ms)
		EndReloadAssembly (711ms)
			LoadAssemblies (82ms)
			RebuildTransferFunctionScriptingTraits (0ms)
			SetupTypeCache (236ms)
			ReleaseScriptCaches (1ms)
			RebuildScriptCaches (48ms)
			SetupLoadedEditorAssemblies (273ms)
				LogAssemblyErrors (0ms)
				InitializePlatformSupportModulesInManaged (6ms)
				SetLoadedEditorAssemblies (0ms)
				RefreshPlugins (0ms)
				BeforeProcessingInitializeOnLoad (67ms)
				ProcessInitializeOnLoadAttributes (190ms)
				ProcessInitializeOnLoadMethodAttributes (8ms)
				AfterProcessingInitializeOnLoad (2ms)
				EditorAssembliesLoaded (0ms)
			ExecutionOrderSort2 (0ms)
			AwakeInstancesAfterBackupRestoration (6ms)
Platform modules already initialized, skipping
Refreshing native plugins compatible for Editor in 0.37 ms, found 2 plugins.
Preloading 0 native plugins for Editor in 0.00 ms.
Unloading 1669 Unused Serialized files (Serialized files now loaded: 0)
System memory in use before: 78.3 MB.
System memory in use after: 78.4 MB.

Unloading 15 unused Assets to reduce memory usage. Loaded Objects now: 2159.
Total: 2.927700 ms (FindLiveObjects: 0.201200 ms CreateObjectMapping: 0.039200 ms MarkObjects: 2.666200 ms  DeleteObjects: 0.019700 ms)

AssetImportParameters requested are different than current active one (requested -> active):
  custom:framework-win-MediaFoundation: 216162199b28c13a410421893ffa2e32 -> 
  custom:video-decoder-ogg-theora: a1e56fd34408186e4bbccfd4996cb3dc -> 
  custom:container-muxer-webm: aa71ff27fc2769a1b78a27578f13a17b -> 
  custom:container-demuxer-webm: 4f35f7cbe854078d1ac9338744f61a02 -> 
  custom:container-demuxer-ogg: 62fdf1f143b41e24485cea50d1cbac27 -> 
  custom:video-encoder-webm-vp8: eb34c28f22e8b96e1ab97ce403110664 -> 
  custom:video-decoder-webm-vp8: 9c59270c3fd7afecdb556c50c9e8de78 -> 
  custom:audio-decoder-ogg-vorbis: bf7c407c2cedff20999df2af8eb42d56 -> 
  custom:audio-encoder-webm-vorbis: bf7c407c2cedff20999df2af8eb42d56 -> 
========================================================================
Received Prepare
Registering precompiled user dll's ...
Registered in 0.003002 seconds.
Begin MonoManager ReloadAssembly
Native extension for WindowsStandalone target not found
Native extension for WebGL target not found
Refreshing native plugins compatible for Editor in 0.39 ms, found 2 plugins.
Preloading 0 native plugins for Editor in 0.00 ms.
Mono: successfully reloaded assembly
- Completed reload, in  0.840 seconds
Domain Reload Profiling:
	ReloadAssembly (840ms)
		BeginReloadAssembly (106ms)
			ExecutionOrderSort (0ms)
			DisableScriptedObjects (4ms)
			BackupInstance (0ms)
			ReleaseScriptingObjects (0ms)
			CreateAndSetChildDomain (27ms)
		EndReloadAssembly (687ms)
			LoadAssemblies (77ms)
			RebuildTransferFunctionScriptingTraits (0ms)
			SetupTypeCache (226ms)
			ReleaseScriptCaches (1ms)
			RebuildScriptCaches (48ms)
			SetupLoadedEditorAssemblies (267ms)
				LogAssemblyErrors (0ms)
				InitializePlatformSupportModulesInManaged (5ms)
				SetLoadedEditorAssemblies (1ms)
				RefreshPlugins (0ms)
				BeforeProcessingInitializeOnLoad (65ms)
				ProcessInitializeOnLoadAttributes (187ms)
				ProcessInitializeOnLoadMethodAttributes (7ms)
				AfterProcessingInitializeOnLoad (2ms)
				EditorAssembliesLoaded (0ms)
			ExecutionOrderSort2 (0ms)
			AwakeInstancesAfterBackupRestoration (5ms)
Platform modules already initialized, skipping
Refreshing native plugins compatible for Editor in 0.37 ms, found 2 plugins.
Preloading 0 native plugins for Editor in 0.00 ms.
Unloading 1669 Unused Serialized files (Serialized files now loaded: 0)
System memory in use before: 78.3 MB.
System memory in use after: 78.4 MB.

Unloading 15 unused Assets to reduce memory usage. Loaded Objects now: 2173.
Total: 2.957800 ms (FindLiveObjects: 0.163600 ms CreateObjectMapping: 0.037800 ms MarkObjects: 2.741800 ms  DeleteObjects: 0.013900 ms)

AssetImportParameters requested are different than current active one (requested -> active):
  custom:framework-win-MediaFoundation: 216162199b28c13a410421893ffa2e32 -> 
  custom:video-decoder-ogg-theora: a1e56fd34408186e4bbccfd4996cb3dc -> 
  custom:container-muxer-webm: aa71ff27fc2769a1b78a27578f13a17b -> 
  custom:container-demuxer-webm: 4f35f7cbe854078d1ac9338744f61a02 -> 
  custom:container-demuxer-ogg: 62fdf1f143b41e24485cea50d1cbac27 -> 
  custom:video-encoder-webm-vp8: eb34c28f22e8b96e1ab97ce403110664 -> 
  custom:video-decoder-webm-vp8: 9c59270c3fd7afecdb556c50c9e8de78 -> 
  custom:audio-decoder-ogg-vorbis: bf7c407c2cedff20999df2af8eb42d56 -> 
  custom:audio-encoder-webm-vorbis: bf7c407c2cedff20999df2af8eb42d56 -> 
========================================================================
Received Prepare
Registering precompiled user dll's ...
Registered in 0.003678 seconds.
Begin MonoManager ReloadAssembly
Native extension for WindowsStandalone target not found
Native extension for WebGL target not found
Refreshing native plugins compatible for Editor in 0.39 ms, found 2 plugins.
Preloading 0 native plugins for Editor in 0.00 ms.
Mono: successfully reloaded assembly
- Completed reload, in  0.861 seconds
Domain Reload Profiling:
	ReloadAssembly (861ms)
		BeginReloadAssembly (106ms)
			ExecutionOrderSort (0ms)
			DisableScriptedObjects (4ms)
			BackupInstance (0ms)
			ReleaseScriptingObjects (0ms)
			CreateAndSetChildDomain (27ms)
		EndReloadAssembly (705ms)
			LoadAssemblies (82ms)
			RebuildTransferFunctionScriptingTraits (0ms)
			SetupTypeCache (231ms)
			ReleaseScriptCaches (1ms)
			RebuildScriptCaches (46ms)
			SetupLoadedEditorAssemblies (275ms)
				LogAssemblyErrors (0ms)
				InitializePlatformSupportModulesInManaged (5ms)
				SetLoadedEditorAssemblies (1ms)
				RefreshPlugins (0ms)
				BeforeProcessingInitializeOnLoad (65ms)
				ProcessInitializeOnLoadAttributes (194ms)
				ProcessInitializeOnLoadMethodAttributes (7ms)
				AfterProcessingInitializeOnLoad (2ms)
				EditorAssembliesLoaded (0ms)
			ExecutionOrderSort2 (0ms)
			AwakeInstancesAfterBackupRestoration (6ms)
Platform modules already initialized, skipping
Refreshing native plugins compatible for Editor in 0.37 ms, found 2 plugins.
Preloading 0 native plugins for Editor in 0.00 ms.
Unloading 1669 Unused Serialized files (Serialized files now loaded: 0)
System memory in use before: 78.3 MB.
System memory in use after: 78.4 MB.

Unloading 15 unused Assets to reduce memory usage. Loaded Objects now: 2187.
Total: 2.794800 ms (FindLiveObjects: 0.166600 ms CreateObjectMapping: 0.038300 ms MarkObjects: 2.575900 ms  DeleteObjects: 0.013200 ms)

AssetImportParameters requested are different than current active one (requested -> active):
  custom:framework-win-MediaFoundation: 216162199b28c13a410421893ffa2e32 -> 
  custom:video-decoder-ogg-theora: a1e56fd34408186e4bbccfd4996cb3dc -> 
  custom:container-muxer-webm: aa71ff27fc2769a1b78a27578f13a17b -> 
  custom:container-demuxer-webm: 4f35f7cbe854078d1ac9338744f61a02 -> 
  custom:container-demuxer-ogg: 62fdf1f143b41e24485cea50d1cbac27 -> 
  custom:video-encoder-webm-vp8: eb34c28f22e8b96e1ab97ce403110664 -> 
  custom:video-decoder-webm-vp8: 9c59270c3fd7afecdb556c50c9e8de78 -> 
  custom:audio-decoder-ogg-vorbis: bf7c407c2cedff20999df2af8eb42d56 -> 
  custom:audio-encoder-webm-vorbis: bf7c407c2cedff20999df2af8eb42d56 -> 
========================================================================
Received Prepare
Registering precompiled user dll's ...
Registered in 0.004332 seconds.
Begin MonoManager ReloadAssembly
Native extension for WindowsStandalone target not found
Native extension for WebGL target not found
Refreshing native plugins compatible for Editor in 0.41 ms, found 2 plugins.
Preloading 0 native plugins for Editor in 0.00 ms.
Mono: successfully reloaded assembly
- Completed reload, in  0.858 seconds
Domain Reload Profiling:
	ReloadAssembly (858ms)
		BeginReloadAssembly (99ms)
			ExecutionOrderSort (0ms)
			DisableScriptedObjects (4ms)
			BackupInstance (0ms)
			ReleaseScriptingObjects (0ms)
			CreateAndSetChildDomain (27ms)
		EndReloadAssembly (698ms)
			LoadAssemblies (81ms)
			RebuildTransferFunctionScriptingTraits (0ms)
			SetupTypeCache (236ms)
			ReleaseScriptCaches (1ms)
			RebuildScriptCaches (47ms)
			SetupLoadedEditorAssemblies (265ms)
				LogAssemblyErrors (0ms)
				InitializePlatformSupportModulesInManaged (5ms)
				SetLoadedEditorAssemblies (1ms)
				RefreshPlugins (0ms)
				BeforeProcessingInitializeOnLoad (65ms)
				ProcessInitializeOnLoadAttributes (185ms)
				ProcessInitializeOnLoadMethodAttributes (7ms)
				AfterProcessingInitializeOnLoad (2ms)
				EditorAssembliesLoaded (0ms)
			ExecutionOrderSort2 (0ms)
			AwakeInstancesAfterBackupRestoration (6ms)
Platform modules already initialized, skipping
Refreshing native plugins compatible for Editor in 0.39 ms, found 2 plugins.
Preloading 0 native plugins for Editor in 0.00 ms.
Unloading 1669 Unused Serialized files (Serialized files now loaded: 0)
System memory in use before: 78.3 MB.
System memory in use after: 78.4 MB.

Unloading 15 unused Assets to reduce memory usage. Loaded Objects now: 2201.
Total: 2.877000 ms (FindLiveObjects: 0.172300 ms CreateObjectMapping: 0.039000 ms MarkObjects: 2.642200 ms  DeleteObjects: 0.022300 ms)

AssetImportParameters requested are different than current active one (requested -> active):
  custom:framework-win-MediaFoundation: 216162199b28c13a410421893ffa2e32 -> 
  custom:video-decoder-ogg-theora: a1e56fd34408186e4bbccfd4996cb3dc -> 
  custom:container-muxer-webm: aa71ff27fc2769a1b78a27578f13a17b -> 
  custom:container-demuxer-webm: 4f35f7cbe854078d1ac9338744f61a02 -> 
  custom:container-demuxer-ogg: 62fdf1f143b41e24485cea50d1cbac27 -> 
  custom:video-encoder-webm-vp8: eb34c28f22e8b96e1ab97ce403110664 -> 
  custom:video-decoder-webm-vp8: 9c59270c3fd7afecdb556c50c9e8de78 -> 
  custom:audio-decoder-ogg-vorbis: bf7c407c2cedff20999df2af8eb42d56 -> 
  custom:audio-encoder-webm-vorbis: bf7c407c2cedff20999df2af8eb42d56 -> 
========================================================================
Received Prepare
Registering precompiled user dll's ...
Registered in 0.003094 seconds.
Begin MonoManager ReloadAssembly
Native extension for WindowsStandalone target not found
Native extension for WebGL target not found
Refreshing native plugins compatible for Editor in 0.38 ms, found 2 plugins.
Preloading 0 native plugins for Editor in 0.00 ms.
Mono: successfully reloaded assembly
- Completed reload, in  0.842 seconds
Domain Reload Profiling:
	ReloadAssembly (843ms)
		BeginReloadAssembly (106ms)
			ExecutionOrderSort (0ms)
			DisableScriptedObjects (4ms)
			BackupInstance (0ms)
			ReleaseScriptingObjects (0ms)
			CreateAndSetChildDomain (26ms)
		EndReloadAssembly (688ms)
			LoadAssemblies (79ms)
			RebuildTransferFunctionScriptingTraits (0ms)
			SetupTypeCache (224ms)
			ReleaseScriptCaches (1ms)
			RebuildScriptCaches (46ms)
			SetupLoadedEditorAssemblies (270ms)
				LogAssemblyErrors (0ms)
				InitializePlatformSupportModulesInManaged (5ms)
				SetLoadedEditorAssemblies (0ms)
				RefreshPlugins (0ms)
				BeforeProcessingInitializeOnLoad (69ms)
				ProcessInitializeOnLoadAttributes (185ms)
				ProcessInitializeOnLoadMethodAttributes (7ms)
				AfterProcessingInitializeOnLoad (2ms)
				EditorAssembliesLoaded (0ms)
			ExecutionOrderSort2 (0ms)
			AwakeInstancesAfterBackupRestoration (5ms)
Platform modules already initialized, skipping
Refreshing native plugins compatible for Editor in 0.38 ms, found 2 plugins.
Preloading 0 native plugins for Editor in 0.00 ms.
Unloading 1669 Unused Serialized files (Serialized files now loaded: 0)
System memory in use before: 78.3 MB.
System memory in use after: 78.4 MB.

Unloading 15 unused Assets to reduce memory usage. Loaded Objects now: 2215.
Total: 2.677200 ms (FindLiveObjects: 0.169900 ms CreateObjectMapping: 0.039100 ms MarkObjects: 2.454100 ms  DeleteObjects: 0.013200 ms)

AssetImportParameters requested are different than current active one (requested -> active):
  custom:framework-win-MediaFoundation: 216162199b28c13a410421893ffa2e32 -> 
  custom:video-decoder-ogg-theora: a1e56fd34408186e4bbccfd4996cb3dc -> 
  custom:container-muxer-webm: aa71ff27fc2769a1b78a27578f13a17b -> 
  custom:container-demuxer-webm: 4f35f7cbe854078d1ac9338744f61a02 -> 
  custom:container-demuxer-ogg: 62fdf1f143b41e24485cea50d1cbac27 -> 
  custom:video-encoder-webm-vp8: eb34c28f22e8b96e1ab97ce403110664 -> 
  custom:video-decoder-webm-vp8: 9c59270c3fd7afecdb556c50c9e8de78 -> 
  custom:audio-decoder-ogg-vorbis: bf7c407c2cedff20999df2af8eb42d56 -> 
  custom:audio-encoder-webm-vorbis: bf7c407c2cedff20999df2af8eb42d56 -> 
========================================================================
Received Prepare
Registering precompiled user dll's ...
Registered in 0.002901 seconds.
Begin MonoManager ReloadAssembly
Native extension for WindowsStandalone target not found
Native extension for WebGL target not found
Refreshing native plugins compatible for Editor in 0.38 ms, found 2 plugins.
Preloading 0 native plugins for Editor in 0.00 ms.
Mono: successfully reloaded assembly
- Completed reload, in  0.847 seconds
Domain Reload Profiling:
	ReloadAssembly (847ms)
		BeginReloadAssembly (99ms)
			ExecutionOrderSort (0ms)
			DisableScriptedObjects (4ms)
			BackupInstance (0ms)
			ReleaseScriptingObjects (0ms)
			CreateAndSetChildDomain (26ms)
		EndReloadAssembly (700ms)
			LoadAssemblies (81ms)
			RebuildTransferFunctionScriptingTraits (0ms)
			SetupTypeCache (233ms)
			ReleaseScriptCaches (1ms)
			RebuildScriptCaches (52ms)
			SetupLoadedEditorAssemblies (261ms)
				LogAssemblyErrors (0ms)
				InitializePlatformSupportModulesInManaged (5ms)
				SetLoadedEditorAssemblies (1ms)
				RefreshPlugins (0ms)
				BeforeProcessingInitializeOnLoad (63ms)
				ProcessInitializeOnLoadAttributes (184ms)
				ProcessInitializeOnLoadMethodAttributes (7ms)
				AfterProcessingInitializeOnLoad (2ms)
				EditorAssembliesLoaded (0ms)
			ExecutionOrderSort2 (0ms)
			AwakeInstancesAfterBackupRestoration (5ms)
Platform modules already initialized, skipping
Refreshing native plugins compatible for Editor in 0.38 ms, found 2 plugins.
Preloading 0 native plugins for Editor in 0.00 ms.
Unloading 1669 Unused Serialized files (Serialized files now loaded: 0)
System memory in use before: 78.3 MB.
System memory in use after: 78.5 MB.

Unloading 15 unused Assets to reduce memory usage. Loaded Objects now: 2229.
Total: 3.021100 ms (FindLiveObjects: 0.196700 ms CreateObjectMapping: 0.038300 ms MarkObjects: 2.767000 ms  DeleteObjects: 0.018000 ms)

AssetImportParameters requested are different than current active one (requested -> active):
  custom:framework-win-MediaFoundation: 216162199b28c13a410421893ffa2e32 -> 
  custom:video-decoder-ogg-theora: a1e56fd34408186e4bbccfd4996cb3dc -> 
  custom:container-muxer-webm: aa71ff27fc2769a1b78a27578f13a17b -> 
  custom:container-demuxer-webm: 4f35f7cbe854078d1ac9338744f61a02 -> 
  custom:container-demuxer-ogg: 62fdf1f143b41e24485cea50d1cbac27 -> 
  custom:video-encoder-webm-vp8: eb34c28f22e8b96e1ab97ce403110664 -> 
  custom:video-decoder-webm-vp8: 9c59270c3fd7afecdb556c50c9e8de78 -> 
  custom:audio-decoder-ogg-vorbis: bf7c407c2cedff20999df2af8eb42d56 -> 
  custom:audio-encoder-webm-vorbis: bf7c407c2cedff20999df2af8eb42d56 -> 
========================================================================
Received Prepare
Registering precompiled user dll's ...
Registered in 0.003375 seconds.
Begin MonoManager ReloadAssembly
Native extension for WindowsStandalone target not found
Native extension for WebGL target not found
Refreshing native plugins compatible for Editor in 0.37 ms, found 2 plugins.
Preloading 0 native plugins for Editor in 0.00 ms.
Mono: successfully reloaded assembly
- Completed reload, in  0.839 seconds
Domain Reload Profiling:
	ReloadAssembly (839ms)
		BeginReloadAssembly (106ms)
			ExecutionOrderSort (0ms)
			DisableScriptedObjects (4ms)
			BackupInstance (0ms)
			ReleaseScriptingObjects (0ms)
			CreateAndSetChildDomain (27ms)
		EndReloadAssembly (685ms)
			LoadAssemblies (78ms)
			RebuildTransferFunctionScriptingTraits (0ms)
			SetupTypeCache (222ms)
			ReleaseScriptCaches (1ms)
			RebuildScriptCaches (47ms)
			SetupLoadedEditorAssemblies (265ms)
				LogAssemblyErrors (0ms)
				InitializePlatformSupportModulesInManaged (5ms)
				SetLoadedEditorAssemblies (1ms)
				RefreshPlugins (0ms)
				BeforeProcessingInitializeOnLoad (63ms)
				ProcessInitializeOnLoadAttributes (187ms)
				ProcessInitializeOnLoadMethodAttributes (7ms)
				AfterProcessingInitializeOnLoad (2ms)
				EditorAssembliesLoaded (0ms)
			ExecutionOrderSort2 (0ms)
			AwakeInstancesAfterBackupRestoration (5ms)
Platform modules already initialized, skipping
Refreshing native plugins compatible for Editor in 0.38 ms, found 2 plugins.
Preloading 0 native plugins for Editor in 0.00 ms.
Unloading 1669 Unused Serialized files (Serialized files now loaded: 0)
System memory in use before: 78.4 MB.
System memory in use after: 78.5 MB.

Unloading 15 unused Assets to reduce memory usage. Loaded Objects now: 2243.
Total: 3.006300 ms (FindLiveObjects: 0.192400 ms CreateObjectMapping: 0.071000 ms MarkObjects: 2.725100 ms  DeleteObjects: 0.016400 ms)

AssetImportParameters requested are different than current active one (requested -> active):
  custom:framework-win-MediaFoundation: 216162199b28c13a410421893ffa2e32 -> 
  custom:video-decoder-ogg-theora: a1e56fd34408186e4bbccfd4996cb3dc -> 
  custom:container-muxer-webm: aa71ff27fc2769a1b78a27578f13a17b -> 
  custom:container-demuxer-webm: 4f35f7cbe854078d1ac9338744f61a02 -> 
  custom:container-demuxer-ogg: 62fdf1f143b41e24485cea50d1cbac27 -> 
  custom:video-encoder-webm-vp8: eb34c28f22e8b96e1ab97ce403110664 -> 
  custom:video-decoder-webm-vp8: 9c59270c3fd7afecdb556c50c9e8de78 -> 
  custom:audio-decoder-ogg-vorbis: bf7c407c2cedff20999df2af8eb42d56 -> 
  custom:audio-encoder-webm-vorbis: bf7c407c2cedff20999df2af8eb42d56 -> 
========================================================================
Received Import Request.
  Time since last request: 778.682011 seconds.
  path: Assets/Prefabs/Buffs/Using/Grenade.prefab
  artifactKey: Guid(5d922a1a5fcefda48a18eb2ebdd809cc) Importer(815301076,1909f56bfc062723c751e8b465ee728b)
Start importing Assets/Prefabs/Buffs/Using/Grenade.prefab using Guid(5d922a1a5fcefda48a18eb2ebdd809cc) Importer(815301076,1909f56bfc062723c751e8b465ee728b)  -> (artifact id: '56812f4b16f87d7facb901efdb15ae1b') in 0.060680 seconds 
  Import took 0.063322 seconds .

========================================================================
Received Import Request.
  Time since last request: 8.532777 seconds.
  path: Assets/Prefabs/Buffs/Picked/Grenade.prefab
  artifactKey: Guid(3640c4448efc9a54395c2bb05ae19a4c) Importer(815301076,1909f56bfc062723c751e8b465ee728b)
Start importing Assets/Prefabs/Buffs/Picked/Grenade.prefab using Guid(3640c4448efc9a54395c2bb05ae19a4c) Importer(815301076,1909f56bfc062723c751e8b465ee728b)  -> (artifact id: '50249bdfdc88ae3a166feac655be9df6') in 0.007773 seconds 
  Import took 0.010899 seconds .

========================================================================
Received Import Request.
  Time since last request: 2.041355 seconds.
  path: Assets/Prefabs/Buffs/Using/Chainsaw.prefab
  artifactKey: Guid(1c7c1bf6f7d156f4ab9b98cb89b0d56f) Importer(815301076,1909f56bfc062723c751e8b465ee728b)
Start importing Assets/Prefabs/Buffs/Using/Chainsaw.prefab using Guid(1c7c1bf6f7d156f4ab9b98cb89b0d56f) Importer(815301076,1909f56bfc062723c751e8b465ee728b)  -> (artifact id: '49b3d99aaada9e8983c42330200b7de8') in 0.008591 seconds 
  Import took 0.011681 seconds .

========================================================================
Received Import Request.
  Time since last request: 0.585227 seconds.
  path: Assets/Prefabs/Buffs/Using/Grenade.prefab
  artifactKey: Guid(5d922a1a5fcefda48a18eb2ebdd809cc) Importer(815301076,1909f56bfc062723c751e8b465ee728b)
Start importing Assets/Prefabs/Buffs/Using/Grenade.prefab using Guid(5d922a1a5fcefda48a18eb2ebdd809cc) Importer(815301076,1909f56bfc062723c751e8b465ee728b)  -> (artifact id: '144f0f024e541f2d6e951c1857bd882d') in 0.006566 seconds 
  Import took 0.009041 seconds .

========================================================================
Received Prepare
Registering precompiled user dll's ...
Registered in 0.002970 seconds.
Begin MonoManager ReloadAssembly
Native extension for WindowsStandalone target not found
Native extension for WebGL target not found
Refreshing native plugins compatible for Editor in 0.38 ms, found 2 plugins.
Preloading 0 native plugins for Editor in 0.00 ms.
Mono: successfully reloaded assembly
- Completed reload, in  0.838 seconds
Domain Reload Profiling:
	ReloadAssembly (838ms)
		BeginReloadAssembly (108ms)
			ExecutionOrderSort (0ms)
			DisableScriptedObjects (4ms)
			BackupInstance (0ms)
			ReleaseScriptingObjects (0ms)
			CreateAndSetChildDomain (28ms)
		EndReloadAssembly (682ms)
			LoadAssemblies (79ms)
			RebuildTransferFunctionScriptingTraits (0ms)
			SetupTypeCache (226ms)
			ReleaseScriptCaches (1ms)
			RebuildScriptCaches (46ms)
			SetupLoadedEditorAssemblies (262ms)
				LogAssemblyErrors (0ms)
				InitializePlatformSupportModulesInManaged (5ms)
				SetLoadedEditorAssemblies (0ms)
				RefreshPlugins (0ms)
				BeforeProcessingInitializeOnLoad (63ms)
				ProcessInitializeOnLoadAttributes (184ms)
				ProcessInitializeOnLoadMethodAttributes (7ms)
				AfterProcessingInitializeOnLoad (2ms)
				EditorAssembliesLoaded (0ms)
			ExecutionOrderSort2 (0ms)
			AwakeInstancesAfterBackupRestoration (5ms)
Platform modules already initialized, skipping
Refreshing native plugins compatible for Editor in 0.41 ms, found 2 plugins.
Preloading 0 native plugins for Editor in 0.00 ms.
Unloading 1669 Unused Serialized files (Serialized files now loaded: 0)
System memory in use before: 78.4 MB.
System memory in use after: 78.5 MB.

Unloading 18 unused Assets to reduce memory usage. Loaded Objects now: 2258.
Total: 3.028300 ms (FindLiveObjects: 0.165100 ms CreateObjectMapping: 0.038700 ms MarkObjects: 2.777300 ms  DeleteObjects: 0.046400 ms)

AssetImportParameters requested are different than current active one (requested -> active):
  custom:framework-win-MediaFoundation: 216162199b28c13a410421893ffa2e32 -> 
  custom:video-decoder-ogg-theora: a1e56fd34408186e4bbccfd4996cb3dc -> 
  custom:container-muxer-webm: aa71ff27fc2769a1b78a27578f13a17b -> 
  custom:container-demuxer-webm: 4f35f7cbe854078d1ac9338744f61a02 -> 
  custom:container-demuxer-ogg: 62fdf1f143b41e24485cea50d1cbac27 -> 
  custom:video-encoder-webm-vp8: eb34c28f22e8b96e1ab97ce403110664 -> 
  custom:video-decoder-webm-vp8: 9c59270c3fd7afecdb556c50c9e8de78 -> 
  custom:audio-decoder-ogg-vorbis: bf7c407c2cedff20999df2af8eb42d56 -> 
  custom:audio-encoder-webm-vorbis: bf7c407c2cedff20999df2af8eb42d56 -> 
========================================================================
Received Import Request.
  Time since last request: 201.423297 seconds.
  path: Assets/Prefabs/Buffs/BuffsUI.prefab
  artifactKey: Guid(b0474300f9d0c714b9bbadd0961b80a9) Importer(815301076,1909f56bfc062723c751e8b465ee728b)
Start importing Assets/Prefabs/Buffs/BuffsUI.prefab using Guid(b0474300f9d0c714b9bbadd0961b80a9) Importer(815301076,1909f56bfc062723c751e8b465ee728b)  -> (artifact id: 'e99382649c0cfb427e76ab74f36362f0') in 0.079608 seconds 
  Import took 0.082504 seconds .

========================================================================
Received Import Request.
  Time since last request: 341.322942 seconds.
  path: Assets/Scripts/BuffsScript
  artifactKey: Guid(6cc2e4ccdf704ebf8e02e44831de99ae) Importer(815301076,1909f56bfc062723c751e8b465ee728b)
Start importing Assets/Scripts/BuffsScript using Guid(6cc2e4ccdf704ebf8e02e44831de99ae) Importer(815301076,1909f56bfc062723c751e8b465ee728b)  -> (artifact id: 'c14a9a52e5069a183863b19d57352e07') in 0.001308 seconds 
  Import took 0.004063 seconds .

========================================================================
Received Import Request.
  Time since last request: 1.964114 seconds.
  path: Assets/Scripts/BuffsScript/UsingEffect
  artifactKey: Guid(6c441471591a433b9a2d9fb90e43bd9e) Importer(815301076,1909f56bfc062723c751e8b465ee728b)
Start importing Assets/Scripts/BuffsScript/UsingEffect using Guid(6c441471591a433b9a2d9fb90e43bd9e) Importer(815301076,1909f56bfc062723c751e8b465ee728b)  -> (artifact id: 'db8c69bb4a201afa96852b042c8c682f') in 0.001342 seconds 
  Import took 0.003696 seconds .

========================================================================
Received Import Request.
  Time since last request: 2.767970 seconds.
  path: Assets/Scripts/BuffsScript/UsingEffect/UsingEffect.cs
  artifactKey: Guid(8a956887e19d4f2e90124745bfabca9f) Importer(815301076,1909f56bfc062723c751e8b465ee728b)
Start importing Assets/Scripts/BuffsScript/UsingEffect/UsingEffect.cs using Guid(8a956887e19d4f2e90124745bfabca9f) Importer(815301076,1909f56bfc062723c751e8b465ee728b)  -> (artifact id: '29869b6e669f7e01897516ff4311aecb') in 0.003148 seconds 
  Import took 0.005654 seconds .

========================================================================
Received Import Request.
  Time since last request: 1.724352 seconds.
  path: Assets/Scripts/BuffsScript/UsingEffect/Grenade.cs
  artifactKey: Guid(0046cc716bec4c90addb79ef47f16da7) Importer(815301076,1909f56bfc062723c751e8b465ee728b)
Start importing Assets/Scripts/BuffsScript/UsingEffect/Grenade.cs using Guid(0046cc716bec4c90addb79ef47f16da7) Importer(815301076,1909f56bfc062723c751e8b465ee728b)  -> (artifact id: 'fdb09e29145d1c83fd2be69df89720ed') in 0.001197 seconds 
  Import took 0.003373 seconds .

========================================================================
Received Import Request.
  Time since last request: 0.366962 seconds.
  path: Assets/Scripts/BuffsScript/UsingEffect/Chainsaw.cs
  artifactKey: Guid(c619631a66c34fabab512de93c9bca2d) Importer(815301076,1909f56bfc062723c751e8b465ee728b)
Start importing Assets/Scripts/BuffsScript/UsingEffect/Chainsaw.cs using Guid(c619631a66c34fabab512de93c9bca2d) Importer(815301076,1909f56bfc062723c751e8b465ee728b)  -> (artifact id: 'd01d5284c2800326a36c23444bad6f5c') in 0.001233 seconds 
  Import took 0.003472 seconds .

========================================================================
Received Import Request.
  Time since last request: 4.770198 seconds.
  path: Assets/Scripts/BuffsScript/Buff.cs
  artifactKey: Guid(dd856e72f68e43428c6937c9de6cb3f6) Importer(815301076,1909f56bfc062723c751e8b465ee728b)
Start importing Assets/Scripts/BuffsScript/Buff.cs using Guid(dd856e72f68e43428c6937c9de6cb3f6) Importer(815301076,1909f56bfc062723c751e8b465ee728b)  -> (artifact id: 'fbb2aa83f8c14997609587df36a6fa32') in 0.001412 seconds 
  Import took 0.003628 seconds .

========================================================================
Received Import Request.
  Time since last request: 5.549562 seconds.
  path: Assets/Scripts/CharacterScripts
  artifactKey: Guid(3e211ba7c3f3408ba252f3637cfd9ad1) Importer(815301076,1909f56bfc062723c751e8b465ee728b)
Start importing Assets/Scripts/CharacterScripts using Guid(3e211ba7c3f3408ba252f3637cfd9ad1) Importer(815301076,1909f56bfc062723c751e8b465ee728b)  -> (artifact id: 'e3337ab2b16bb858e7a9558699fc7982') in 0.001332 seconds 
  Import took 0.003647 seconds .

========================================================================
Received Import Request.
  Time since last request: 1.842345 seconds.
  path: Assets/Scripts/CharacterScripts/BuffController.cs
  artifactKey: Guid(46d88ee740f20f94b96d8af659a36b93) Importer(815301076,1909f56bfc062723c751e8b465ee728b)
Start importing Assets/Scripts/CharacterScripts/BuffController.cs using Guid(46d88ee740f20f94b96d8af659a36b93) Importer(815301076,1909f56bfc062723c751e8b465ee728b)  -> (artifact id: '8856dec7abe6151df2e4720c23baf0ae') in 0.001338 seconds 
  Import took 0.003584 seconds .

========================================================================
Received Import Request.
  Time since last request: 0.794060 seconds.
  path: Assets/Scripts/CharacterScripts/Character.cs
  artifactKey: Guid(c0cd8645e3700e94aae3366393b0761a) Importer(815301076,1909f56bfc062723c751e8b465ee728b)
Start importing Assets/Scripts/CharacterScripts/Character.cs using Guid(c0cd8645e3700e94aae3366393b0761a) Importer(815301076,1909f56bfc062723c751e8b465ee728b)  -> (artifact id: 'fc0a967179a97f8936ad874706154550') in 0.001280 seconds 
  Import took 0.003443 seconds .

========================================================================
Received Import Request.
  Time since last request: 0.777404 seconds.
  path: Assets/Scripts/CharacterScripts/CharacterFollowPoint.cs
  artifactKey: Guid(4f7d926b55f3bbe489784b0aba166458) Importer(815301076,1909f56bfc062723c751e8b465ee728b)
Start importing Assets/Scripts/CharacterScripts/CharacterFollowPoint.cs using Guid(4f7d926b55f3bbe489784b0aba166458) Importer(815301076,1909f56bfc062723c751e8b465ee728b)  -> (artifact id: 'e2a1ba15cac0883ff721a509674a1680') in 0.001308 seconds 
  Import took 0.003546 seconds .

========================================================================
Received Import Request.
  Time since last request: 80.887240 seconds.
  path: Assets/Scripts/EnemyScripts
  artifactKey: Guid(d1bba0f740c3434fae10abdcb7a01af8) Importer(815301076,1909f56bfc062723c751e8b465ee728b)
Start importing Assets/Scripts/EnemyScripts using Guid(d1bba0f740c3434fae10abdcb7a01af8) Importer(815301076,1909f56bfc062723c751e8b465ee728b)  -> (artifact id: '701e9bc9bb20966d49822d7bb3ac1994') in 0.001418 seconds 
  Import took 0.003841 seconds .

========================================================================
Received Import Request.
  Time since last request: 34.808787 seconds.
  path: Assets/Scripts/UIScripts
  artifactKey: Guid(99694e2b453048d8b20f89368dfae993) Importer(815301076,1909f56bfc062723c751e8b465ee728b)
Start importing Assets/Scripts/UIScripts using Guid(99694e2b453048d8b20f89368dfae993) Importer(815301076,1909f56bfc062723c751e8b465ee728b)  -> (artifact id: '1204fe0a49b098dccacb4944be173aef') in 0.001342 seconds 
  Import took 0.003570 seconds .

========================================================================
Received Import Request.
  Time since last request: 2.452220 seconds.
  path: Assets/Scripts/UIScripts/TextSetter.cs
  artifactKey: Guid(bfd98a981b829b04ea30280ca872cc82) Importer(815301076,1909f56bfc062723c751e8b465ee728b)
Start importing Assets/Scripts/UIScripts/TextSetter.cs using Guid(bfd98a981b829b04ea30280ca872cc82) Importer(815301076,1909f56bfc062723c751e8b465ee728b)  -> (artifact id: '52dabafc690b8a32fc1692923d1e3461') in 0.001354 seconds 
  Import took 0.003615 seconds .

========================================================================
Received Import Request.
  Time since last request: 38.299233 seconds.
  path: Assets/Scripts/UIScripts/BuffsUIScripts
  artifactKey: Guid(f2c8e361001b42a5bd617d13f353cce4) Importer(815301076,1909f56bfc062723c751e8b465ee728b)
Start importing Assets/Scripts/UIScripts/BuffsUIScripts using Guid(f2c8e361001b42a5bd617d13f353cce4) Importer(815301076,1909f56bfc062723c751e8b465ee728b)  -> (artifact id: '46f286dd86bd54b3e5f5e3314d565fc4') in 0.001512 seconds 
  Import took 0.004054 seconds .

========================================================================
Received Import Request.
  Time since last request: 0.972576 seconds.
  path: Assets/Scripts/UIScripts/BuffsUIScripts/BaseUIBuff.cs
  artifactKey: Guid(2b0a049bbd624d2d90529da0f0ece8ec) Importer(815301076,1909f56bfc062723c751e8b465ee728b)
Start importing Assets/Scripts/UIScripts/BuffsUIScripts/BaseUIBuff.cs using Guid(2b0a049bbd624d2d90529da0f0ece8ec) Importer(815301076,1909f56bfc062723c751e8b465ee728b)  -> (artifact id: 'deac180a7b05c2363e7337c7d3261c76') in 0.001284 seconds 
  Import took 0.003809 seconds .

========================================================================
Received Import Request.
  Time since last request: 0.357661 seconds.
  path: Assets/Scripts/UIScripts/BuffsUIScripts/ChainSawUI.cs
  artifactKey: Guid(62cd002fdf3c4718a8ec2bb0574e969b) Importer(815301076,1909f56bfc062723c751e8b465ee728b)
Start importing Assets/Scripts/UIScripts/BuffsUIScripts/ChainSawUI.cs using Guid(62cd002fdf3c4718a8ec2bb0574e969b) Importer(815301076,1909f56bfc062723c751e8b465ee728b)  -> (artifact id: '3374a123b00061e812de651aaf90c5a2') in 0.001365 seconds 
  Import took 0.003566 seconds .

========================================================================
Received Import Request.
  Time since last request: 0.323445 seconds.
  path: Assets/Scripts/UIScripts/BuffsUIScripts/GrenadeUI.cs
  artifactKey: Guid(fa3cd512a1084805a45457b06fd38fa1) Importer(815301076,1909f56bfc062723c751e8b465ee728b)
Start importing Assets/Scripts/UIScripts/BuffsUIScripts/GrenadeUI.cs using Guid(fa3cd512a1084805a45457b06fd38fa1) Importer(815301076,1909f56bfc062723c751e8b465ee728b)  -> (artifact id: '1f1afba2b0ff8d8d40e27453a8c156d6') in 0.001199 seconds 
  Import took 0.003406 seconds .

========================================================================
Received Import Request.
  Time since last request: 0.263853 seconds.
  path: Assets/Scripts/UIScripts/BuffsUIScripts/BuffsUIController.cs
  artifactKey: Guid(96162c702e114a16aa475c29d20ac3da) Importer(815301076,1909f56bfc062723c751e8b465ee728b)
Start importing Assets/Scripts/UIScripts/BuffsUIScripts/BuffsUIController.cs using Guid(96162c702e114a16aa475c29d20ac3da) Importer(815301076,1909f56bfc062723c751e8b465ee728b)  -> (artifact id: 'ddcea20687f51910689785ba4740efb4') in 0.001277 seconds 
  Import took 0.003439 seconds .

========================================================================
Received Import Request.
  Time since last request: 306.767179 seconds.
  path: Assets/Prefabs/Buffs/UI/BuffsUI.prefab
  artifactKey: Guid(b0474300f9d0c714b9bbadd0961b80a9) Importer(815301076,1909f56bfc062723c751e8b465ee728b)
Start importing Assets/Prefabs/Buffs/UI/BuffsUI.prefab using Guid(b0474300f9d0c714b9bbadd0961b80a9) Importer(815301076,1909f56bfc062723c751e8b465ee728b)  -> (artifact id: '19dff625fb70204a35d41f85d720a2c8') in 0.003300 seconds 
  Import took 0.005840 seconds .

========================================================================
Received Prepare
Registering precompiled user dll's ...
Registered in 0.003002 seconds.
Begin MonoManager ReloadAssembly
Native extension for WindowsStandalone target not found
Native extension for WebGL target not found
Refreshing native plugins compatible for Editor in 0.38 ms, found 2 plugins.
Preloading 0 native plugins for Editor in 0.00 ms.
Mono: successfully reloaded assembly
- Completed reload, in  0.846 seconds
Domain Reload Profiling:
	ReloadAssembly (846ms)
		BeginReloadAssembly (104ms)
			ExecutionOrderSort (0ms)
			DisableScriptedObjects (4ms)
			BackupInstance (0ms)
			ReleaseScriptingObjects (0ms)
			CreateAndSetChildDomain (31ms)
		EndReloadAssembly (693ms)
			LoadAssemblies (80ms)
			RebuildTransferFunctionScriptingTraits (0ms)
			SetupTypeCache (231ms)
			ReleaseScriptCaches (1ms)
			RebuildScriptCaches (47ms)
			SetupLoadedEditorAssemblies (264ms)
				LogAssemblyErrors (0ms)
				InitializePlatformSupportModulesInManaged (5ms)
				SetLoadedEditorAssemblies (0ms)
				RefreshPlugins (0ms)
				BeforeProcessingInitializeOnLoad (65ms)
				ProcessInitializeOnLoadAttributes (184ms)
				ProcessInitializeOnLoadMethodAttributes (7ms)
				AfterProcessingInitializeOnLoad (2ms)
				EditorAssembliesLoaded (0ms)
			ExecutionOrderSort2 (0ms)
			AwakeInstancesAfterBackupRestoration (5ms)
Platform modules already initialized, skipping
Refreshing native plugins compatible for Editor in 0.37 ms, found 2 plugins.
Preloading 0 native plugins for Editor in 0.00 ms.
Unloading 1667 Unused Serialized files (Serialized files now loaded: 0)
System memory in use before: 78.4 MB.
System memory in use after: 78.6 MB.

Unloading 17 unused Assets to reduce memory usage. Loaded Objects now: 2270.
Total: 3.057000 ms (FindLiveObjects: 0.178500 ms CreateObjectMapping: 0.039100 ms MarkObjects: 2.816400 ms  DeleteObjects: 0.022000 ms)

AssetImportParameters requested are different than current active one (requested -> active):
  custom:framework-win-MediaFoundation: 216162199b28c13a410421893ffa2e32 -> 
  custom:video-decoder-ogg-theora: a1e56fd34408186e4bbccfd4996cb3dc -> 
  custom:container-muxer-webm: aa71ff27fc2769a1b78a27578f13a17b -> 
  custom:container-demuxer-webm: 4f35f7cbe854078d1ac9338744f61a02 -> 
  custom:container-demuxer-ogg: 62fdf1f143b41e24485cea50d1cbac27 -> 
  custom:video-encoder-webm-vp8: eb34c28f22e8b96e1ab97ce403110664 -> 
  custom:video-decoder-webm-vp8: 9c59270c3fd7afecdb556c50c9e8de78 -> 
  custom:audio-decoder-ogg-vorbis: bf7c407c2cedff20999df2af8eb42d56 -> 
  custom:audio-encoder-webm-vorbis: bf7c407c2cedff20999df2af8eb42d56 -> 
========================================================================
Received Import Request.
  Time since last request: 32.473710 seconds.
  path: Assets/Prefabs/Buffs/UI/GrenadeUI.prefab
  artifactKey: Guid(9c2cf15bb044edb48b39504415ae0e06) Importer(815301076,1909f56bfc062723c751e8b465ee728b)
Start importing Assets/Prefabs/Buffs/UI/GrenadeUI.prefab using Guid(9c2cf15bb044edb48b39504415ae0e06) Importer(815301076,1909f56bfc062723c751e8b465ee728b)  -> (artifact id: 'b3524a7e88ad4124632b849a5e63873f') in 0.077208 seconds 
  Import took 0.079806 seconds .

========================================================================
Received Import Request.
  Time since last request: 0.852363 seconds.
  path: Assets/Prefabs/Buffs/UI/ChainsawUI.prefab
  artifactKey: Guid(e026c9c3a17a797438c605ad9546dd47) Importer(815301076,1909f56bfc062723c751e8b465ee728b)
Start importing Assets/Prefabs/Buffs/UI/ChainsawUI.prefab using Guid(e026c9c3a17a797438c605ad9546dd47) Importer(815301076,1909f56bfc062723c751e8b465ee728b)  -> (artifact id: '9f8e53b941d48c6b9c65d63e2035b904') in 0.021500 seconds 
  Import took 0.024030 seconds .

AssetImportWorkerClient::OnTransportError - code=2 error=End of file
